philgo run()philgo run()
philgo run()
{"message":"navigation error","code":-105,"details":"ERR_NAME_NOT_RESOLVED","url":"http://www.philgo.org/?module=member&action=login_submit&submit=1&url_return=http%3A%2F%2Fphilgo.org%2F%3F%26module%3Dpost%26action%3Dwrite%26post_id%3Dlookfor&id=second&password=asdf99"}
[2017-07-24 04:51:33] msg
[2017-07-24 04:51:34] msg
[2017-07-24 04:51:45] philgo run()
[2017-07-24 04:51:45] {"message":"navigation error","code":-105,"details":"ERR_NAME_NOT_RESOLVED","url":"http://www.philgo.org/?module=member&action=login_submit&submit=1&url_return=http%3A%2F%2Fphilgo.org%2F%3F%26module%3Dpost%26action%3Dwrite%26post_id%3Dlookfor&id=second&password=asdf99"}
[2017-07-24 04:55:48] philgo run()
[2017-07-24 04:55:53] Login success
[2017-07-24 04:56:21] philgo run()
[2017-07-24 04:56:23] {}
[2017-07-24 04:56:25] Login success
[2017-07-24 04:56:55] {}
[2017-07-24 04:57:34] philgo run()
[2017-07-24 04:57:34] philgo login()
[2017-07-24 04:57:39] Login success
[2017-07-24 04:57:39] philgo login() finished.
[2017-07-24 04:58:09] {}
[2017-07-24 04:58:16] philgo run()
[2017-07-24 04:58:16] philgo login()
[2017-07-24 04:58:19] Login success
[2017-07-24 04:58:19] philgo login() finished.
[2017-07-24 04:58:19] philgo post()
[2017-07-24 04:58:49] {}
[2017-07-24 04:58:53] philgo run()
[2017-07-24 04:58:53] philgo login()
[2017-07-24 04:58:58] Login success
[2017-07-24 04:58:58] philgo login() finished.
[2017-07-24 04:58:58] philgo post()
[2017-07-24 04:59:49] philgo run()
[2017-07-24 04:59:49] philgo login()
[2017-07-24 05:01:42] philgo run()
[2017-07-24 05:01:42] philgo login()
[2017-07-24 05:02:10] philgo run()
[2017-07-24 05:02:10] philgo login()
[2017-07-24 05:04:08] philgo run()
[2017-07-24 05:04:08] philgo login()
[2017-07-24 05:04:35] philgo run()
[2017-07-24 05:04:35] philgo login()
[2017-07-24 05:05:34] philgo run()
[2017-07-24 05:05:34] philgo login()
[2017-07-24 05:05:41] philgo run()
[2017-07-24 05:05:41] philgo login()
[2017-07-24 05:05:43] Login success
[2017-07-24 05:05:43] philgo login() finished.
[2017-07-24 05:05:43] philgo post()
[2017-07-24 05:07:56] philgo run()
[2017-07-24 05:07:56] philgo login()
[2017-07-24 05:07:57] Login success
[2017-07-24 05:07:57] philgo login() finished.
[2017-07-24 05:07:57] philgo post()
[2017-07-24 05:08:01] philgo post() finished.
[2017-07-24 05:08:01] philgo run() finished.
[2017-07-24 05:08:57] philgo run()
[2017-07-24 05:08:57] philgo login()
[2017-07-24 05:08:59] Login success
[2017-07-24 05:08:59] philgo login() finished.
[2017-07-24 05:08:59] philgo post()
[2017-07-24 05:09:53] philgo run()
[2017-07-24 05:09:53] philgo login()
[2017-07-24 05:09:54] Login success
[2017-07-24 05:09:54] philgo login() finished.
[2017-07-24 05:09:54] philgo post()
[2017-07-24 05:10:21] philgo run()
[2017-07-24 05:10:21] philgo login()
[2017-07-24 05:10:23] Login success
[2017-07-24 05:10:23] philgo login() finished.
[2017-07-24 05:10:23] philgo post()
[2017-07-24 05:11:31] philgo run()
[2017-07-24 05:11:31] philgo login()
[2017-07-24 05:11:33] Login success
[2017-07-24 05:11:33] philgo login() finished.
[2017-07-24 05:11:33] philgo post()
[2017-07-24 05:11:37] philgo post() finished.
[2017-07-24 05:11:37] philgo run() finished.
[2017-07-24 05:12:58] philgo run()
[2017-07-24 05:12:58] philgo login()
[2017-07-24 05:13:00] Login success
[2017-07-24 05:13:00] philgo login() finished.
[2017-07-24 05:13:00] philgo post()
[2017-07-24 05:13:40] philgo run()
[2017-07-24 05:13:40] philgo login()
[2017-07-24 05:13:42] Login success
[2017-07-24 05:13:42] philgo login() finished.
[2017-07-24 05:13:42] philgo post()
[2017-07-24 05:13:52] post success.
[2017-07-24 05:13:52] philgo post() finished.
[2017-07-24 05:13:52] philgo run() finished.
[2017-07-24 05:14:15] philgo run()
[2017-07-24 05:14:15] philgo login()
[2017-07-24 05:14:17] Login success
[2017-07-24 05:14:17] philgo login() finished.
[2017-07-24 05:14:17] philgo post()
[2017-07-24 05:15:00] philgo run()
[2017-07-24 05:15:00] philgo login()
[2017-07-24 05:15:02] Login success
[2017-07-24 05:15:02] philgo login() finished.
[2017-07-24 05:15:02] philgo post()
[2017-07-24 05:15:33] {}
[2017-07-24 05:15:33] philgo run() finished.
[2017-07-24 05:16:35] philgo run()
[2017-07-24 05:16:35] philgo login()
[2017-07-24 05:16:37] Login success
[2017-07-24 05:16:37] philgo login() finished.
[2017-07-24 05:16:37] philgo post()
[2017-07-24 05:19:29] philgo run()
[2017-07-24 05:19:29] philgo login()
[2017-07-24 05:19:33] Login success
[2017-07-24 05:19:33] philgo login() finished.
[2017-07-24 05:19:33] philgo post()
[2017-07-24 05:19:37] post success.
[2017-07-24 05:19:37] philgo post() finished.
[2017-07-24 05:19:37] philgo run() finished.
[2017-07-24 05:20:00] philgo run()
[2017-07-24 05:20:00] philgo login()
[2017-07-24 05:20:04] login success.
[2017-07-24 05:20:04] philgo login() finished.
[2017-07-24 05:20:04] philgo post()
[2017-07-24 05:20:08] post success.
[2017-07-24 05:20:08] philgo post() finished.
[2017-07-24 05:20:08] philgo run() finished.
[2017-07-24 05:20:20] philgo run()
[2017-07-24 05:20:20] philgo login()
[2017-07-24 05:20:22] login success.
[2017-07-24 05:20:22] philgo login() finished.
[2017-07-24 05:20:22] philgo post()
[2017-07-24 05:20:53] philgo run() cache(e):
[2017-07-24 05:20:53] {}
[2017-07-24 05:20:53] philgo run() finished.
[2017-07-24 05:22:28] philgo run()
[2017-07-24 05:22:28] philgo login()
[2017-07-24 05:22:31] login success.
[2017-07-24 05:22:31] philgo login() finished.
[2017-07-24 05:22:31] philgo post()
[2017-07-24 05:22:51] philgo run()
[2017-07-24 05:22:51] philgo login()
[2017-07-24 05:22:54] login success.
[2017-07-24 05:22:54] philgo login() finished.
[2017-07-24 05:22:54] philgo post()
[2017-07-24 05:23:04] philgo run()
[2017-07-24 05:23:04] philgo login()
[2017-07-24 05:23:08] login success.
[2017-07-24 05:23:08] philgo login() finished.
[2017-07-24 05:23:08] philgo post()
[2017-07-24 05:23:28] philgo run()
[2017-07-24 05:23:28] philgo login()
[2017-07-24 05:23:33] login success.
[2017-07-24 05:23:33] philgo login() finished.
[2017-07-24 05:23:33] philgo post()
[2017-07-24 05:24:55] philgo run()
[2017-07-24 05:24:55] philgo login()
[2017-07-24 05:25:26] philgo run()
[2017-07-24 05:25:26] philgo login()
[2017-07-24 05:25:32] post success.
[2017-07-24 05:25:32] philgo post() finished.
[2017-07-24 05:25:32] philgo run() finished.
[2017-07-24 05:26:00] philgo run()
[2017-07-24 05:26:00] philgo login() ...
[2017-07-24 05:27:20] philgo run()
[2017-07-24 05:27:20] philgo login() ....
[2017-07-24 05:27:27] post success.
[2017-07-24 05:27:27] philgo post() finished.
[2017-07-24 05:27:27] philgo run() finished.
[2017-07-24 05:27:32] philgo run()
[2017-07-24 05:27:32] philgo login() .....
[2017-07-24 05:27:45] philgo run() cache(e):
[2017-07-24 05:27:45] {}
[2017-07-24 05:27:45] philgo run() finished.
[2017-07-24 05:27:58] philgo run()
[2017-07-24 05:27:58] philgo login() ......
[2017-07-24 05:28:11] philgo run()
[2017-07-24 05:28:11] philgo login() .......
[2017-07-24 05:28:31] philgo run()
[2017-07-24 05:28:31] philgo login() .......
[2017-07-24 05:29:22] philgo run()
[2017-07-24 05:29:22] philgo login() .......
[2017-07-24 05:30:24] philgo run()
[2017-07-24 05:30:24] philgo login() .......
[2017-07-24 05:30:34] philgo run()
[2017-07-24 05:30:34] philgo login() .......
[2017-07-24 05:31:55] philgo run()
[2017-07-24 05:31:55] philgo login() .......
[2017-07-24 05:32:36] philgo run()
[2017-07-24 05:32:36] philgo login() .......
[2017-07-24 05:32:46] post success.
[2017-07-24 05:32:46] philgo run() finished.
[2017-07-24 05:33:03] philgo run()
[2017-07-24 05:33:03] philgo login() .......
[2017-07-24 05:33:34] philgo run()
[2017-07-24 05:33:34] philgo login() .......
[2017-07-24 05:34:22] philgo run() cache(e):
[2017-07-24 05:34:22] {}
[2017-07-24 05:34:22] philgo finished.
[2017-07-24 05:34:49] philgo run()
[2017-07-24 05:34:49] philgo login() .......
[2017-07-24 05:35:12] post success.
[2017-07-24 05:35:12] philgo finished.
[2017-07-24 05:35:17] philgo begin
[2017-07-24 05:35:47] philgo begin
[2017-07-24 05:36:27] philgo run() catch(e):
[2017-07-24 05:36:27] {}
[2017-07-24 05:36:27] philgo finished.
[2017-07-24 05:37:58] ===> philgo begin
[2017-07-24 05:38:39] philgo run() catch(e):
[2017-07-24 05:38:39] {}
[2017-07-24 05:38:39] philgo finished.
[2017-07-24 05:39:38] ===> philgo begin
[2017-07-24 05:39:51] post success.
[2017-07-24 05:39:51] philgo finished.
[2017-07-24 05:40:47] ===> philgo begin
[2017-07-24 05:41:02] post failed
[2017-07-24 05:41:02] philgo finished.
[2017-07-24 05:42:02] ===> philgo begin
[2017-07-24 05:42:17] post success.
[2017-07-24 05:42:17] philgo finished.
[2017-07-24 05:44:11] ===> philgo begin
[2017-07-24 05:44:25] post success.
[2017-07-24 05:44:25] philgo finished.
[2017-07-24 05:46:21] ===> philgo begin
[2017-07-24 05:46:36] post success.
[2017-07-24 05:46:36] philgo finished.
[2017-07-24 05:49:44] ===> philgo begin
[2017-07-24 05:49:58] post success.
[2017-07-24 05:49:58] philgo finished.
[2017-07-24 05:52:08] ===> philgo begin
[2017-07-24 05:52:22] post success.
[2017-07-24 05:52:22] philgo finished.
[2017-07-24 05:52:52] ===> philgo begin
[2017-07-24 05:53:05] post success.
[2017-07-24 05:53:05] philgo finished.
[2017-07-24 05:53:32] ===> philgo begin
[2017-07-24 05:53:46] post success.
[2017-07-24 05:53:46] philgo finished.
[2017-07-24 06:00:03] philgo. posted today.
[2017-07-24 06:01:19] philgo has been posted already: 2017-7-24
[2017-07-24 06:01:57] philgo has been posted already: 2017-7-24
[2017-07-24 06:05:21] ===> philgo begin
[2017-07-24 06:06:20] post success.
[2017-07-24 06:06:20] philgo finished.
